º‡Ì 05, 2014 7:42:04 PM main.Application <init>
INFO: Application started.
º‡Ì 05, 2014 7:42:04 PM gui.MenuBar <init>
INFO: MenuBar initialized.
º‡Ì 05, 2014 7:42:05 PM gui.MainFrame <init>
INFO: GUI initialized.
º‡Ì 05, 2014 7:44:31 PM gui.ParametersPanel$UploadButtonListener actionPerformed
SEVERE: Couldn't open the image.
º‡Ì 05, 2014 7:44:38 PM algorithm.ProbabilityBasedAlgorithm readSpecialAlgoParameters
WARNING: Reading probability_based_algorithm.probability_map failed, default value was set.
º‡Ì 05, 2014 7:44:38 PM algorithm.probabilityMap.ProbabilityMap readConfigParameters
WARNING: Reading probability_map.granularity failed, default value was set.
º‡Ì 05, 2014 7:44:38 PM algorithm.probabilityMap.ProbabilityMap readConfigParameters
WARNING: Reading probability_map.x_from failed, default value was set.
º‡Ì 05, 2014 7:44:38 PM algorithm.probabilityMap.ProbabilityMap readConfigParameters
WARNING: Reading probability_map.x_to failed, default value was set.
º‡Ì 05, 2014 7:44:38 PM algorithm.probabilityMap.ProbabilityMap readConfigParameters
WARNING: Reading probability_map.y_from failed, default value was set.
º‡Ì 05, 2014 7:44:38 PM algorithm.probabilityMap.ProbabilityMap readConfigParameters
WARNING: Reading probability_map.y_to failed, default value was set.
º‡Ì 05, 2014 7:44:38 PM algorithm.probabilityMap.ProbabilityMapPathLossCircle readConfigParameters
WARNING: Reading probability_map_path_loss_circle.signal_propagation_constant failed, default value was set.
º‡Ì 05, 2014 7:44:38 PM algorithm.probabilityMap.ProbabilityMapPathLossCircle readConfigParameters
WARNING: Reading probability_map_path_loss_circle.signal_propagation_constant failed, default value was set.
º‡Ì 05, 2014 7:44:38 PM algorithm.probabilityMap.ProbabilityMapPathLossCircle readConfigParameters
WARNING: Reading probability_map_path_loss_circle.signal_strength_one_meter failed, default value was set.
º‡Ì 05, 2014 7:44:38 PM algorithm.probabilityMap.ProbabilityMapPathLossCircle readConfigParameters
WARNING: Reading probability_map_path_loss_circle.signal_strength_one_meter failed, default value was set.
º‡Ì 05, 2014 7:44:38 PM algorithm.ProbabilityBasedAlgorithm readSpecialAlgoParameters
WARNING: Reading probability_based_algorithm.filter failed, default value was set.
º‡Ì 05, 2014 7:44:38 PM algorithm.filter.KalmanFilterOneDim readConfigParameters
WARNING: Reading kalman_filter.covariance failed, default value was set.
º‡Ì 05, 2014 7:44:38 PM algorithm.filter.KalmanFilterOneDim readConfigParameters
WARNING: Reading kalman_filter.statevariance failed, default value was set.
º‡Ì 05, 2014 7:44:38 PM algorithm.ProbabilityBasedAlgorithm readSpecialAlgoParameters
WARNING: Reading probability_based_algorithm.weight_function failed, default value was set.
º‡Ì 05, 2014 7:44:38 PM algorithm.weightFunction.WeightFunctionExtended readConfigParameters
WARNING: Reading weight_function_extended.percentage_steps failed, default value was set.
º‡Ì 05, 2014 7:44:38 PM algorithm.ProbabilityBasedAlgorithm readConfigParameters
WARNING: Reading probability_based_algorithm.grayscale_debug_information_path failed, default value was set.
º‡Ì 05, 2014 7:44:38 PM algorithm.ProbabilityBasedAlgorithm readConfigParameters
WARNING: Reading probability_based_algorithm.grayscale_debug_information failed, default value was set.
º‡Ì 05, 2014 7:44:38 PM algorithm.ProbabilityBasedAlgorithm readConfigParameters
WARNING: Reading probability_based_algorithm.grayscale_debug_information_extended failed, default value was set.
º‡Ì 05, 2014 7:44:38 PM algorithm.ProbabilityBasedAlgorithm readConfigParameters
WARNING: Reading probability_based_algorithm.grayscale_debug_information_roommap failed, default value was set.
º‡Ì 05, 2014 7:44:38 PM algorithm.ProbabilityBasedAlgorithm readConfigParameters
WARNING: Reading probability_based_algorithm.grayscale_debug_information_convexhull failed, default value was set.
º‡Ì 05, 2014 7:44:38 PM algorithm.ProbabilityBasedAlgorithm readConfigParameters
WARNING: Reading probability_based_algorithm.grayscale_debug_information_receiver failed, default value was set.
º‡Ì 05, 2014 7:44:38 PM algorithm.ProbabilityBasedAlgorithm readConfigParameters
WARNING: Reading probability_based_algorithm.grayscale_debug_information_point failed, default value was set.
º‡Ì 05, 2014 7:44:38 PM algorithm.ProbabilityBasedAlgorithm readConfigParameters
WARNING: Reading probability_based_algorithm.roommap_extension failed, default value was set.
º‡Ì 05, 2014 7:44:38 PM algorithm.ProbabilityBasedAlgorithm readConfigParameters
WARNING: Reading probability_based_algorithm.enable_filter failed, default value was set.
º‡Ì 05, 2014 7:44:45 PM algorithm.ProbabilityBasedAlgorithm readSpecialAlgoParameters
WARNING: Reading probability_based_algorithm.probability_map failed, default value was set.
º‡Ì 05, 2014 7:44:45 PM algorithm.ProbabilityBasedAlgorithm readSpecialAlgoParameters
WARNING: Reading probability_based_algorithm.probability_map failed, default value was set.
º‡Ì 05, 2014 7:44:45 PM algorithm.probabilityMap.ProbabilityMap readConfigParameters
WARNING: Reading probability_map.granularity failed, default value was set.
º‡Ì 05, 2014 7:44:45 PM algorithm.probabilityMap.ProbabilityMap readConfigParameters
WARNING: Reading probability_map.granularity failed, default value was set.
º‡Ì 05, 2014 7:44:45 PM algorithm.probabilityMap.ProbabilityMap readConfigParameters
WARNING: Reading probability_map.granularity failed, default value was set.
º‡Ì 05, 2014 7:44:45 PM algorithm.probabilityMap.ProbabilityMap readConfigParameters
WARNING: Reading probability_map.x_from failed, default value was set.
º‡Ì 05, 2014 7:44:45 PM algorithm.probabilityMap.ProbabilityMap readConfigParameters
WARNING: Reading probability_map.x_from failed, default value was set.
º‡Ì 05, 2014 7:44:45 PM algorithm.probabilityMap.ProbabilityMap readConfigParameters
WARNING: Reading probability_map.x_from failed, default value was set.
º‡Ì 05, 2014 7:44:45 PM algorithm.probabilityMap.ProbabilityMap readConfigParameters
WARNING: Reading probability_map.x_to failed, default value was set.
º‡Ì 05, 2014 7:44:45 PM algorithm.probabilityMap.ProbabilityMap readConfigParameters
WARNING: Reading probability_map.x_to failed, default value was set.
º‡Ì 05, 2014 7:44:45 PM algorithm.probabilityMap.ProbabilityMap readConfigParameters
WARNING: Reading probability_map.x_to failed, default value was set.
º‡Ì 05, 2014 7:44:45 PM algorithm.probabilityMap.ProbabilityMap readConfigParameters
WARNING: Reading probability_map.y_from failed, default value was set.
º‡Ì 05, 2014 7:44:45 PM algorithm.probabilityMap.ProbabilityMap readConfigParameters
WARNING: Reading probability_map.y_from failed, default value was set.
º‡Ì 05, 2014 7:44:45 PM algorithm.probabilityMap.ProbabilityMap readConfigParameters
WARNING: Reading probability_map.y_from failed, default value was set.
º‡Ì 05, 2014 7:44:45 PM algorithm.probabilityMap.ProbabilityMap readConfigParameters
WARNING: Reading probability_map.y_to failed, default value was set.
º‡Ì 05, 2014 7:44:45 PM algorithm.probabilityMap.ProbabilityMap readConfigParameters
WARNING: Reading probability_map.y_to failed, default value was set.
º‡Ì 05, 2014 7:44:45 PM algorithm.probabilityMap.ProbabilityMap readConfigParameters
WARNING: Reading probability_map.y_to failed, default value was set.
º‡Ì 05, 2014 7:44:45 PM algorithm.probabilityMap.ProbabilityMapPathLossCircle readConfigParameters
WARNING: Reading probability_map_path_loss_circle.signal_propagation_constant failed, default value was set.
º‡Ì 05, 2014 7:44:45 PM algorithm.probabilityMap.ProbabilityMapPathLossCircle readConfigParameters
WARNING: Reading probability_map_path_loss_circle.signal_propagation_constant failed, default value was set.
º‡Ì 05, 2014 7:44:45 PM algorithm.probabilityMap.ProbabilityMapPathLossCircle readConfigParameters
WARNING: Reading probability_map_path_loss_circle.signal_propagation_constant failed, default value was set.
º‡Ì 05, 2014 7:44:45 PM algorithm.probabilityMap.ProbabilityMapPathLossCircle readConfigParameters
WARNING: Reading probability_map_path_loss_circle.signal_propagation_constant failed, default value was set.
º‡Ì 05, 2014 7:44:45 PM algorithm.probabilityMap.ProbabilityMapPathLossCircle readConfigParameters
WARNING: Reading probability_map_path_loss_circle.signal_strength_one_meter failed, default value was set.
º‡Ì 05, 2014 7:44:45 PM algorithm.probabilityMap.ProbabilityMapPathLossCircle readConfigParameters
WARNING: Reading probability_map_path_loss_circle.signal_strength_one_meter failed, default value was set.
º‡Ì 05, 2014 7:44:45 PM algorithm.probabilityMap.ProbabilityMapPathLossCircle readConfigParameters
WARNING: Reading probability_map_path_loss_circle.signal_strength_one_meter failed, default value was set.
º‡Ì 05, 2014 7:44:45 PM algorithm.probabilityMap.ProbabilityMapPathLossCircle readConfigParameters
WARNING: Reading probability_map_path_loss_circle.signal_strength_one_meter failed, default value was set.
º‡Ì 05, 2014 7:44:45 PM algorithm.ProbabilityBasedAlgorithm readSpecialAlgoParameters
WARNING: Reading probability_based_algorithm.filter failed, default value was set.
º‡Ì 05, 2014 7:44:45 PM algorithm.ProbabilityBasedAlgorithm readSpecialAlgoParameters
WARNING: Reading probability_based_algorithm.filter failed, default value was set.
º‡Ì 05, 2014 7:44:45 PM algorithm.filter.KalmanFilterOneDim readConfigParameters
WARNING: Reading kalman_filter.covariance failed, default value was set.
º‡Ì 05, 2014 7:44:45 PM algorithm.filter.KalmanFilterOneDim readConfigParameters
WARNING: Reading kalman_filter.covariance failed, default value was set.
º‡Ì 05, 2014 7:44:45 PM algorithm.filter.KalmanFilterOneDim readConfigParameters
WARNING: Reading kalman_filter.statevariance failed, default value was set.
º‡Ì 05, 2014 7:44:45 PM algorithm.filter.KalmanFilterOneDim readConfigParameters
WARNING: Reading kalman_filter.statevariance failed, default value was set.
º‡Ì 05, 2014 7:44:45 PM algorithm.ProbabilityBasedAlgorithm readSpecialAlgoParameters
WARNING: Reading probability_based_algorithm.weight_function failed, default value was set.
º‡Ì 05, 2014 7:44:45 PM algorithm.ProbabilityBasedAlgorithm readSpecialAlgoParameters
WARNING: Reading probability_based_algorithm.weight_function failed, default value was set.
º‡Ì 05, 2014 7:44:45 PM algorithm.weightFunction.WeightFunctionExtended readConfigParameters
WARNING: Reading weight_function_extended.percentage_steps failed, default value was set.
º‡Ì 05, 2014 7:44:45 PM algorithm.weightFunction.WeightFunctionExtended readConfigParameters
WARNING: Reading weight_function_extended.percentage_steps failed, default value was set.
º‡Ì 05, 2014 7:44:45 PM algorithm.ProbabilityBasedAlgorithm readConfigParameters
WARNING: Reading probability_based_algorithm.grayscale_debug_information_path failed, default value was set.
º‡Ì 05, 2014 7:44:45 PM algorithm.ProbabilityBasedAlgorithm readConfigParameters
WARNING: Reading probability_based_algorithm.grayscale_debug_information_path failed, default value was set.
º‡Ì 05, 2014 7:44:45 PM algorithm.ProbabilityBasedAlgorithm readConfigParameters
WARNING: Reading probability_based_algorithm.grayscale_debug_information failed, default value was set.
º‡Ì 05, 2014 7:44:45 PM algorithm.ProbabilityBasedAlgorithm readConfigParameters
WARNING: Reading probability_based_algorithm.grayscale_debug_information failed, default value was set.
º‡Ì 05, 2014 7:44:45 PM algorithm.ProbabilityBasedAlgorithm readConfigParameters
WARNING: Reading probability_based_algorithm.grayscale_debug_information_extended failed, default value was set.
º‡Ì 05, 2014 7:44:45 PM algorithm.ProbabilityBasedAlgorithm readConfigParameters
WARNING: Reading probability_based_algorithm.grayscale_debug_information_extended failed, default value was set.
º‡Ì 05, 2014 7:44:45 PM algorithm.ProbabilityBasedAlgorithm readConfigParameters
WARNING: Reading probability_based_algorithm.grayscale_debug_information_roommap failed, default value was set.
º‡Ì 05, 2014 7:44:45 PM algorithm.ProbabilityBasedAlgorithm readConfigParameters
WARNING: Reading probability_based_algorithm.grayscale_debug_information_roommap failed, default value was set.
º‡Ì 05, 2014 7:44:45 PM algorithm.ProbabilityBasedAlgorithm readConfigParameters
WARNING: Reading probability_based_algorithm.grayscale_debug_information_convexhull failed, default value was set.
º‡Ì 05, 2014 7:44:45 PM algorithm.ProbabilityBasedAlgorithm readConfigParameters
WARNING: Reading probability_based_algorithm.grayscale_debug_information_convexhull failed, default value was set.
º‡Ì 05, 2014 7:44:45 PM algorithm.ProbabilityBasedAlgorithm readConfigParameters
WARNING: Reading probability_based_algorithm.grayscale_debug_information_receiver failed, default value was set.
º‡Ì 05, 2014 7:44:45 PM algorithm.ProbabilityBasedAlgorithm readConfigParameters
WARNING: Reading probability_based_algorithm.grayscale_debug_information_receiver failed, default value was set.
º‡Ì 05, 2014 7:44:45 PM algorithm.ProbabilityBasedAlgorithm readConfigParameters
WARNING: Reading probability_based_algorithm.grayscale_debug_information_point failed, default value was set.
º‡Ì 05, 2014 7:44:45 PM algorithm.ProbabilityBasedAlgorithm readConfigParameters
WARNING: Reading probability_based_algorithm.grayscale_debug_information_point failed, default value was set.
º‡Ì 05, 2014 7:44:45 PM algorithm.ProbabilityBasedAlgorithm readConfigParameters
WARNING: Reading probability_based_algorithm.roommap_extension failed, default value was set.
º‡Ì 05, 2014 7:44:45 PM algorithm.ProbabilityBasedAlgorithm readConfigParameters
WARNING: Reading probability_based_algorithm.roommap_extension failed, default value was set.
º‡Ì 05, 2014 7:44:45 PM algorithm.ProbabilityBasedAlgorithm readConfigParameters
WARNING: Reading probability_based_algorithm.enable_filter failed, default value was set.
º‡Ì 05, 2014 7:44:45 PM algorithm.ProbabilityBasedAlgorithm readConfigParameters
WARNING: Reading probability_based_algorithm.enable_filter failed, default value was set.
º‡Ì 05, 2014 7:44:50 PM algorithm.ProbabilityBasedAlgorithm readSpecialAlgoParameters
WARNING: Reading probability_based_algorithm.probability_map failed, default value was set.
º‡Ì 05, 2014 7:44:50 PM algorithm.ProbabilityBasedAlgorithm readSpecialAlgoParameters
WARNING: Reading probability_based_algorithm.probability_map failed, default value was set.
º‡Ì 05, 2014 7:44:50 PM algorithm.ProbabilityBasedAlgorithm readSpecialAlgoParameters
WARNING: Reading probability_based_algorithm.probability_map failed, default value was set.
º‡Ì 05, 2014 7:44:50 PM algorithm.probabilityMap.ProbabilityMap readConfigParameters
WARNING: Reading probability_map.granularity failed, default value was set.
º‡Ì 05, 2014 7:44:50 PM algorithm.probabilityMap.ProbabilityMap readConfigParameters
WARNING: Reading probability_map.granularity failed, default value was set.
º‡Ì 05, 2014 7:44:50 PM algorithm.probabilityMap.ProbabilityMap readConfigParameters
WARNING: Reading probability_map.granularity failed, default value was set.
º‡Ì 05, 2014 7:44:50 PM algorithm.probabilityMap.ProbabilityMap readConfigParameters
WARNING: Reading probability_map.granularity failed, default value was set.
º‡Ì 05, 2014 7:44:50 PM algorithm.probabilityMap.ProbabilityMap readConfigParameters
WARNING: Reading probability_map.granularity failed, default value was set.
º‡Ì 05, 2014 7:44:50 PM algorithm.probabilityMap.ProbabilityMap readConfigParameters
WARNING: Reading probability_map.x_from failed, default value was set.
º‡Ì 05, 2014 7:44:50 PM algorithm.probabilityMap.ProbabilityMap readConfigParameters
WARNING: Reading probability_map.x_from failed, default value was set.
º‡Ì 05, 2014 7:44:50 PM algorithm.probabilityMap.ProbabilityMap readConfigParameters
WARNING: Reading probability_map.x_from failed, default value was set.
º‡Ì 05, 2014 7:44:50 PM algorithm.probabilityMap.ProbabilityMap readConfigParameters
WARNING: Reading probability_map.x_from failed, default value was set.
º‡Ì 05, 2014 7:44:50 PM algorithm.probabilityMap.ProbabilityMap readConfigParameters
WARNING: Reading probability_map.x_from failed, default value was set.
º‡Ì 05, 2014 7:44:50 PM algorithm.probabilityMap.ProbabilityMap readConfigParameters
WARNING: Reading probability_map.x_to failed, default value was set.
º‡Ì 05, 2014 7:44:50 PM algorithm.probabilityMap.ProbabilityMap readConfigParameters
WARNING: Reading probability_map.x_to failed, default value was set.
º‡Ì 05, 2014 7:44:50 PM algorithm.probabilityMap.ProbabilityMap readConfigParameters
WARNING: Reading probability_map.x_to failed, default value was set.
º‡Ì 05, 2014 7:44:50 PM algorithm.probabilityMap.ProbabilityMap readConfigParameters
WARNING: Reading probability_map.x_to failed, default value was set.
º‡Ì 05, 2014 7:44:50 PM algorithm.probabilityMap.ProbabilityMap readConfigParameters
WARNING: Reading probability_map.x_to failed, default value was set.
º‡Ì 05, 2014 7:44:50 PM algorithm.probabilityMap.ProbabilityMap readConfigParameters
WARNING: Reading probability_map.y_from failed, default value was set.
º‡Ì 05, 2014 7:44:50 PM algorithm.probabilityMap.ProbabilityMap readConfigParameters
WARNING: Reading probability_map.y_from failed, default value was set.
º‡Ì 05, 2014 7:44:50 PM algorithm.probabilityMap.ProbabilityMap readConfigParameters
WARNING: Reading probability_map.y_from failed, default value was set.
º‡Ì 05, 2014 7:44:50 PM algorithm.probabilityMap.ProbabilityMap readConfigParameters
WARNING: Reading probability_map.y_from failed, default value was set.
º‡Ì 05, 2014 7:44:50 PM algorithm.probabilityMap.ProbabilityMap readConfigParameters
WARNING: Reading probability_map.y_from failed, default value was set.
º‡Ì 05, 2014 7:44:50 PM algorithm.probabilityMap.ProbabilityMap readConfigParameters
WARNING: Reading probability_map.y_to failed, default value was set.
º‡Ì 05, 2014 7:44:50 PM algorithm.probabilityMap.ProbabilityMap readConfigParameters
WARNING: Reading probability_map.y_to failed, default value was set.
º‡Ì 05, 2014 7:44:50 PM algorithm.probabilityMap.ProbabilityMap readConfigParameters
WARNING: Reading probability_map.y_to failed, default value was set.
º‡Ì 05, 2014 7:44:50 PM algorithm.probabilityMap.ProbabilityMap readConfigParameters
WARNING: Reading probability_map.y_to failed, default value was set.
º‡Ì 05, 2014 7:44:50 PM algorithm.probabilityMap.ProbabilityMap readConfigParameters
WARNING: Reading probability_map.y_to failed, default value was set.
º‡Ì 05, 2014 7:44:50 PM algorithm.probabilityMap.ProbabilityMapPathLossCircle readConfigParameters
WARNING: Reading probability_map_path_loss_circle.signal_propagation_constant failed, default value was set.
º‡Ì 05, 2014 7:44:50 PM algorithm.probabilityMap.ProbabilityMapPathLossCircle readConfigParameters
WARNING: Reading probability_map_path_loss_circle.signal_propagation_constant failed, default value was set.
º‡Ì 05, 2014 7:44:50 PM algorithm.probabilityMap.ProbabilityMapPathLossCircle readConfigParameters
WARNING: Reading probability_map_path_loss_circle.signal_propagation_constant failed, default value was set.
º‡Ì 05, 2014 7:44:50 PM algorithm.probabilityMap.ProbabilityMapPathLossCircle readConfigParameters
WARNING: Reading probability_map_path_loss_circle.signal_propagation_constant failed, default value was set.
º‡Ì 05, 2014 7:44:50 PM algorithm.probabilityMap.ProbabilityMapPathLossCircle readConfigParameters
WARNING: Reading probability_map_path_loss_circle.signal_propagation_constant failed, default value was set.
º‡Ì 05, 2014 7:44:50 PM algorithm.probabilityMap.ProbabilityMapPathLossCircle readConfigParameters
WARNING: Reading probability_map_path_loss_circle.signal_propagation_constant failed, default value was set.
º‡Ì 05, 2014 7:44:50 PM algorithm.probabilityMap.ProbabilityMapPathLossCircle readConfigParameters
WARNING: Reading probability_map_path_loss_circle.signal_strength_one_meter failed, default value was set.
º‡Ì 05, 2014 7:44:50 PM algorithm.probabilityMap.ProbabilityMapPathLossCircle readConfigParameters
WARNING: Reading probability_map_path_loss_circle.signal_strength_one_meter failed, default value was set.
º‡Ì 05, 2014 7:44:50 PM algorithm.probabilityMap.ProbabilityMapPathLossCircle readConfigParameters
WARNING: Reading probability_map_path_loss_circle.signal_strength_one_meter failed, default value was set.
º‡Ì 05, 2014 7:44:50 PM algorithm.probabilityMap.ProbabilityMapPathLossCircle readConfigParameters
WARNING: Reading probability_map_path_loss_circle.signal_strength_one_meter failed, default value was set.
º‡Ì 05, 2014 7:44:50 PM algorithm.probabilityMap.ProbabilityMapPathLossCircle readConfigParameters
WARNING: Reading probability_map_path_loss_circle.signal_strength_one_meter failed, default value was set.
º‡Ì 05, 2014 7:44:50 PM algorithm.probabilityMap.ProbabilityMapPathLossCircle readConfigParameters
WARNING: Reading probability_map_path_loss_circle.signal_strength_one_meter failed, default value was set.
º‡Ì 05, 2014 7:44:50 PM algorithm.ProbabilityBasedAlgorithm readSpecialAlgoParameters
WARNING: Reading probability_based_algorithm.filter failed, default value was set.
º‡Ì 05, 2014 7:44:50 PM algorithm.ProbabilityBasedAlgorithm readSpecialAlgoParameters
WARNING: Reading probability_based_algorithm.filter failed, default value was set.
º‡Ì 05, 2014 7:44:50 PM algorithm.ProbabilityBasedAlgorithm readSpecialAlgoParameters
WARNING: Reading probability_based_algorithm.filter failed, default value was set.
º‡Ì 05, 2014 7:44:50 PM algorithm.filter.KalmanFilterOneDim readConfigParameters
WARNING: Reading kalman_filter.covariance failed, default value was set.
º‡Ì 05, 2014 7:44:50 PM algorithm.filter.KalmanFilterOneDim readConfigParameters
WARNING: Reading kalman_filter.covariance failed, default value was set.
º‡Ì 05, 2014 7:44:50 PM algorithm.filter.KalmanFilterOneDim readConfigParameters
WARNING: Reading kalman_filter.covariance failed, default value was set.
º‡Ì 05, 2014 7:44:50 PM algorithm.filter.KalmanFilterOneDim readConfigParameters
WARNING: Reading kalman_filter.statevariance failed, default value was set.
º‡Ì 05, 2014 7:44:50 PM algorithm.filter.KalmanFilterOneDim readConfigParameters
WARNING: Reading kalman_filter.statevariance failed, default value was set.
º‡Ì 05, 2014 7:44:50 PM algorithm.filter.KalmanFilterOneDim readConfigParameters
WARNING: Reading kalman_filter.statevariance failed, default value was set.
º‡Ì 05, 2014 7:44:50 PM algorithm.ProbabilityBasedAlgorithm readSpecialAlgoParameters
WARNING: Reading probability_based_algorithm.weight_function failed, default value was set.
º‡Ì 05, 2014 7:44:50 PM algorithm.ProbabilityBasedAlgorithm readSpecialAlgoParameters
WARNING: Reading probability_based_algorithm.weight_function failed, default value was set.
º‡Ì 05, 2014 7:44:50 PM algorithm.ProbabilityBasedAlgorithm readSpecialAlgoParameters
WARNING: Reading probability_based_algorithm.weight_function failed, default value was set.
º‡Ì 05, 2014 7:44:50 PM algorithm.weightFunction.WeightFunctionExtended readConfigParameters
WARNING: Reading weight_function_extended.percentage_steps failed, default value was set.
º‡Ì 05, 2014 7:44:50 PM algorithm.weightFunction.WeightFunctionExtended readConfigParameters
WARNING: Reading weight_function_extended.percentage_steps failed, default value was set.
º‡Ì 05, 2014 7:44:50 PM algorithm.weightFunction.WeightFunctionExtended readConfigParameters
WARNING: Reading weight_function_extended.percentage_steps failed, default value was set.
º‡Ì 05, 2014 7:44:50 PM algorithm.ProbabilityBasedAlgorithm readConfigParameters
WARNING: Reading probability_based_algorithm.grayscale_debug_information_path failed, default value was set.
º‡Ì 05, 2014 7:44:50 PM algorithm.ProbabilityBasedAlgorithm readConfigParameters
WARNING: Reading probability_based_algorithm.grayscale_debug_information_path failed, default value was set.
º‡Ì 05, 2014 7:44:50 PM algorithm.ProbabilityBasedAlgorithm readConfigParameters
WARNING: Reading probability_based_algorithm.grayscale_debug_information_path failed, default value was set.
º‡Ì 05, 2014 7:44:50 PM algorithm.ProbabilityBasedAlgorithm readConfigParameters
WARNING: Reading probability_based_algorithm.grayscale_debug_information failed, default value was set.
º‡Ì 05, 2014 7:44:50 PM algorithm.ProbabilityBasedAlgorithm readConfigParameters
WARNING: Reading probability_based_algorithm.grayscale_debug_information failed, default value was set.
º‡Ì 05, 2014 7:44:50 PM algorithm.ProbabilityBasedAlgorithm readConfigParameters
WARNING: Reading probability_based_algorithm.grayscale_debug_information failed, default value was set.
º‡Ì 05, 2014 7:44:50 PM algorithm.ProbabilityBasedAlgorithm readConfigParameters
WARNING: Reading probability_based_algorithm.grayscale_debug_information_extended failed, default value was set.
º‡Ì 05, 2014 7:44:50 PM algorithm.ProbabilityBasedAlgorithm readConfigParameters
WARNING: Reading probability_based_algorithm.grayscale_debug_information_extended failed, default value was set.
º‡Ì 05, 2014 7:44:50 PM algorithm.ProbabilityBasedAlgorithm readConfigParameters
WARNING: Reading probability_based_algorithm.grayscale_debug_information_extended failed, default value was set.
º‡Ì 05, 2014 7:44:50 PM algorithm.ProbabilityBasedAlgorithm readConfigParameters
WARNING: Reading probability_based_algorithm.grayscale_debug_information_roommap failed, default value was set.
º‡Ì 05, 2014 7:44:50 PM algorithm.ProbabilityBasedAlgorithm readConfigParameters
WARNING: Reading probability_based_algorithm.grayscale_debug_information_roommap failed, default value was set.
º‡Ì 05, 2014 7:44:50 PM algorithm.ProbabilityBasedAlgorithm readConfigParameters
WARNING: Reading probability_based_algorithm.grayscale_debug_information_roommap failed, default value was set.
º‡Ì 05, 2014 7:44:50 PM algorithm.ProbabilityBasedAlgorithm readConfigParameters
WARNING: Reading probability_based_algorithm.grayscale_debug_information_convexhull failed, default value was set.
º‡Ì 05, 2014 7:44:50 PM algorithm.ProbabilityBasedAlgorithm readConfigParameters
WARNING: Reading probability_based_algorithm.grayscale_debug_information_convexhull failed, default value was set.
º‡Ì 05, 2014 7:44:50 PM algorithm.ProbabilityBasedAlgorithm readConfigParameters
WARNING: Reading probability_based_algorithm.grayscale_debug_information_convexhull failed, default value was set.
º‡Ì 05, 2014 7:44:50 PM algorithm.ProbabilityBasedAlgorithm readConfigParameters
WARNING: Reading probability_based_algorithm.grayscale_debug_information_receiver failed, default value was set.
º‡Ì 05, 2014 7:44:50 PM algorithm.ProbabilityBasedAlgorithm readConfigParameters
WARNING: Reading probability_based_algorithm.grayscale_debug_information_receiver failed, default value was set.
º‡Ì 05, 2014 7:44:50 PM algorithm.ProbabilityBasedAlgorithm readConfigParameters
WARNING: Reading probability_based_algorithm.grayscale_debug_information_receiver failed, default value was set.
º‡Ì 05, 2014 7:44:50 PM algorithm.ProbabilityBasedAlgorithm readConfigParameters
WARNING: Reading probability_based_algorithm.grayscale_debug_information_point failed, default value was set.
º‡Ì 05, 2014 7:44:50 PM algorithm.ProbabilityBasedAlgorithm readConfigParameters
WARNING: Reading probability_based_algorithm.grayscale_debug_information_point failed, default value was set.
º‡Ì 05, 2014 7:44:50 PM algorithm.ProbabilityBasedAlgorithm readConfigParameters
WARNING: Reading probability_based_algorithm.grayscale_debug_information_point failed, default value was set.
º‡Ì 05, 2014 7:44:50 PM algorithm.ProbabilityBasedAlgorithm readConfigParameters
WARNING: Reading probability_based_algorithm.roommap_extension failed, default value was set.
º‡Ì 05, 2014 7:44:50 PM algorithm.ProbabilityBasedAlgorithm readConfigParameters
WARNING: Reading probability_based_algorithm.roommap_extension failed, default value was set.
º‡Ì 05, 2014 7:44:50 PM algorithm.ProbabilityBasedAlgorithm readConfigParameters
WARNING: Reading probability_based_algorithm.roommap_extension failed, default value was set.
º‡Ì 05, 2014 7:44:50 PM algorithm.ProbabilityBasedAlgorithm readConfigParameters
WARNING: Reading probability_based_algorithm.enable_filter failed, default value was set.
º‡Ì 05, 2014 7:44:50 PM algorithm.ProbabilityBasedAlgorithm readConfigParameters
WARNING: Reading probability_based_algorithm.enable_filter failed, default value was set.
º‡Ì 05, 2014 7:44:50 PM algorithm.ProbabilityBasedAlgorithm readConfigParameters
WARNING: Reading probability_based_algorithm.enable_filter failed, default value was set.
º‡Ì 05, 2014 7:44:52 PM algorithm.ProbabilityBasedAlgorithm readSpecialAlgoParameters
WARNING: Reading probability_based_algorithm.probability_map failed, default value was set.
º‡Ì 05, 2014 7:44:52 PM algorithm.ProbabilityBasedAlgorithm readSpecialAlgoParameters
WARNING: Reading probability_based_algorithm.probability_map failed, default value was set.
º‡Ì 05, 2014 7:44:52 PM algorithm.ProbabilityBasedAlgorithm readSpecialAlgoParameters
WARNING: Reading probability_based_algorithm.probability_map failed, default value was set.
º‡Ì 05, 2014 7:44:52 PM algorithm.ProbabilityBasedAlgorithm readSpecialAlgoParameters
WARNING: Reading probability_based_algorithm.probability_map failed, default value was set.
º‡Ì 05, 2014 7:44:52 PM algorithm.probabilityMap.ProbabilityMap readConfigParameters
WARNING: Reading probability_map.granularity failed, default value was set.
º‡Ì 05, 2014 7:44:52 PM algorithm.probabilityMap.ProbabilityMap readConfigParameters
WARNING: Reading probability_map.granularity failed, default value was set.
º‡Ì 05, 2014 7:44:52 PM algorithm.probabilityMap.ProbabilityMap readConfigParameters
WARNING: Reading probability_map.granularity failed, default value was set.
º‡Ì 05, 2014 7:44:52 PM algorithm.probabilityMap.ProbabilityMap readConfigParameters
WARNING: Reading probability_map.granularity failed, default value was set.
º‡Ì 05, 2014 7:44:52 PM algorithm.probabilityMap.ProbabilityMap readConfigParameters
WARNING: Reading probability_map.granularity failed, default value was set.
º‡Ì 05, 2014 7:44:52 PM algorithm.probabilityMap.ProbabilityMap readConfigParameters
WARNING: Reading probability_map.granularity failed, default value was set.
º‡Ì 05, 2014 7:44:52 PM algorithm.probabilityMap.ProbabilityMap readConfigParameters
WARNING: Reading probability_map.granularity failed, default value was set.
º‡Ì 05, 2014 7:44:52 PM algorithm.probabilityMap.ProbabilityMap readConfigParameters
WARNING: Reading probability_map.x_from failed, default value was set.
º‡Ì 05, 2014 7:44:52 PM algorithm.probabilityMap.ProbabilityMap readConfigParameters
WARNING: Reading probability_map.x_from failed, default value was set.
º‡Ì 05, 2014 7:44:52 PM algorithm.probabilityMap.ProbabilityMap readConfigParameters
WARNING: Reading probability_map.x_from failed, default value was set.
º‡Ì 05, 2014 7:44:52 PM algorithm.probabilityMap.ProbabilityMap readConfigParameters
WARNING: Reading probability_map.x_from failed, default value was set.
º‡Ì 05, 2014 7:44:52 PM algorithm.probabilityMap.ProbabilityMap readConfigParameters
WARNING: Reading probability_map.x_from failed, default value was set.
º‡Ì 05, 2014 7:44:52 PM algorithm.probabilityMap.ProbabilityMap readConfigParameters
WARNING: Reading probability_map.x_from failed, default value was set.
º‡Ì 05, 2014 7:44:52 PM algorithm.probabilityMap.ProbabilityMap readConfigParameters
WARNING: Reading probability_map.x_from failed, default value was set.
º‡Ì 05, 2014 7:44:52 PM algorithm.probabilityMap.ProbabilityMap readConfigParameters
WARNING: Reading probability_map.x_to failed, default value was set.
º‡Ì 05, 2014 7:44:52 PM algorithm.probabilityMap.ProbabilityMap readConfigParameters
WARNING: Reading probability_map.x_to failed, default value was set.
º‡Ì 05, 2014 7:44:52 PM algorithm.probabilityMap.ProbabilityMap readConfigParameters
WARNING: Reading probability_map.x_to failed, default value was set.
º‡Ì 05, 2014 7:44:52 PM algorithm.probabilityMap.ProbabilityMap readConfigParameters
WARNING: Reading probability_map.x_to failed, default value was set.
º‡Ì 05, 2014 7:44:52 PM algorithm.probabilityMap.ProbabilityMap readConfigParameters
WARNING: Reading probability_map.x_to failed, default value was set.
º‡Ì 05, 2014 7:44:52 PM algorithm.probabilityMap.ProbabilityMap readConfigParameters
WARNING: Reading probability_map.x_to failed, default value was set.
º‡Ì 05, 2014 7:44:52 PM algorithm.probabilityMap.ProbabilityMap readConfigParameters
WARNING: Reading probability_map.x_to failed, default value was set.
º‡Ì 05, 2014 7:44:52 PM algorithm.probabilityMap.ProbabilityMap readConfigParameters
WARNING: Reading probability_map.y_from failed, default value was set.
º‡Ì 05, 2014 7:44:52 PM algorithm.probabilityMap.ProbabilityMap readConfigParameters
WARNING: Reading probability_map.y_from failed, default value was set.
º‡Ì 05, 2014 7:44:52 PM algorithm.probabilityMap.ProbabilityMap readConfigParameters
WARNING: Reading probability_map.y_from failed, default value was set.
º‡Ì 05, 2014 7:44:52 PM algorithm.probabilityMap.ProbabilityMap readConfigParameters
WARNING: Reading probability_map.y_from failed, default value was set.
º‡Ì 05, 2014 7:44:52 PM algorithm.probabilityMap.ProbabilityMap readConfigParameters
WARNING: Reading probability_map.y_from failed, default value was set.
º‡Ì 05, 2014 7:44:52 PM algorithm.probabilityMap.ProbabilityMap readConfigParameters
WARNING: Reading probability_map.y_from failed, default value was set.
º‡Ì 05, 2014 7:44:52 PM algorithm.probabilityMap.ProbabilityMap readConfigParameters
WARNING: Reading probability_map.y_from failed, default value was set.
º‡Ì 05, 2014 7:44:52 PM algorithm.probabilityMap.ProbabilityMap readConfigParameters
WARNING: Reading probability_map.y_to failed, default value was set.
º‡Ì 05, 2014 7:44:52 PM algorithm.probabilityMap.ProbabilityMap readConfigParameters
WARNING: Reading probability_map.y_to failed, default value was set.
º‡Ì 05, 2014 7:44:52 PM algorithm.probabilityMap.ProbabilityMap readConfigParameters
WARNING: Reading probability_map.y_to failed, default value was set.
º‡Ì 05, 2014 7:44:52 PM algorithm.probabilityMap.ProbabilityMap readConfigParameters
WARNING: Reading probability_map.y_to failed, default value was set.
º‡Ì 05, 2014 7:44:52 PM algorithm.probabilityMap.ProbabilityMap readConfigParameters
WARNING: Reading probability_map.y_to failed, default value was set.
º‡Ì 05, 2014 7:44:52 PM algorithm.probabilityMap.ProbabilityMap readConfigParameters
WARNING: Reading probability_map.y_to failed, default value was set.
º‡Ì 05, 2014 7:44:52 PM algorithm.probabilityMap.ProbabilityMap readConfigParameters
WARNING: Reading probability_map.y_to failed, default value was set.
º‡Ì 05, 2014 7:44:52 PM algorithm.probabilityMap.ProbabilityMapPathLossCircle readConfigParameters
WARNING: Reading probability_map_path_loss_circle.signal_propagation_constant failed, default value was set.
º‡Ì 05, 2014 7:44:52 PM algorithm.probabilityMap.ProbabilityMapPathLossCircle readConfigParameters
WARNING: Reading probability_map_path_loss_circle.signal_propagation_constant failed, default value was set.
º‡Ì 05, 2014 7:44:52 PM algorithm.probabilityMap.ProbabilityMapPathLossCircle readConfigParameters
WARNING: Reading probability_map_path_loss_circle.signal_propagation_constant failed, default value was set.
º‡Ì 05, 2014 7:44:52 PM algorithm.probabilityMap.ProbabilityMapPathLossCircle readConfigParameters
WARNING: Reading probability_map_path_loss_circle.signal_propagation_constant failed, default value was set.
º‡Ì 05, 2014 7:44:52 PM algorithm.probabilityMap.ProbabilityMapPathLossCircle readConfigParameters
WARNING: Reading probability_map_path_loss_circle.signal_propagation_constant failed, default value was set.
º‡Ì 05, 2014 7:44:52 PM algorithm.probabilityMap.ProbabilityMapPathLossCircle readConfigParameters
WARNING: Reading probability_map_path_loss_circle.signal_propagation_constant failed, default value was set.
º‡Ì 05, 2014 7:44:52 PM algorithm.probabilityMap.ProbabilityMapPathLossCircle readConfigParameters
WARNING: Reading probability_map_path_loss_circle.signal_propagation_constant failed, default value was set.
º‡Ì 05, 2014 7:44:52 PM algorithm.probabilityMap.ProbabilityMapPathLossCircle readConfigParameters
WARNING: Reading probability_map_path_loss_circle.signal_propagation_constant failed, default value was set.
º‡Ì 05, 2014 7:44:52 PM algorithm.probabilityMap.ProbabilityMapPathLossCircle readConfigParameters
WARNING: Reading probability_map_path_loss_circle.signal_strength_one_meter failed, default value was set.
º‡Ì 05, 2014 7:44:52 PM algorithm.probabilityMap.ProbabilityMapPathLossCircle readConfigParameters
WARNING: Reading probability_map_path_loss_circle.signal_strength_one_meter failed, default value was set.
º‡Ì 05, 2014 7:44:52 PM algorithm.probabilityMap.ProbabilityMapPathLossCircle readConfigParameters
WARNING: Reading probability_map_path_loss_circle.signal_strength_one_meter failed, default value was set.
º‡Ì 05, 2014 7:44:52 PM algorithm.probabilityMap.ProbabilityMapPathLossCircle readConfigParameters
WARNING: Reading probability_map_path_loss_circle.signal_strength_one_meter failed, default value was set.
º‡Ì 05, 2014 7:44:52 PM algorithm.probabilityMap.ProbabilityMapPathLossCircle readConfigParameters
WARNING: Reading probability_map_path_loss_circle.signal_strength_one_meter failed, default value was set.
º‡Ì 05, 2014 7:44:52 PM algorithm.probabilityMap.ProbabilityMapPathLossCircle readConfigParameters
WARNING: Reading probability_map_path_loss_circle.signal_strength_one_meter failed, default value was set.
º‡Ì 05, 2014 7:44:52 PM algorithm.probabilityMap.ProbabilityMapPathLossCircle readConfigParameters
WARNING: Reading probability_map_path_loss_circle.signal_strength_one_meter failed, default value was set.
º‡Ì 05, 2014 7:44:52 PM algorithm.probabilityMap.ProbabilityMapPathLossCircle readConfigParameters
WARNING: Reading probability_map_path_loss_circle.signal_strength_one_meter failed, default value was set.
º‡Ì 05, 2014 7:44:52 PM algorithm.ProbabilityBasedAlgorithm readSpecialAlgoParameters
WARNING: Reading probability_based_algorithm.filter failed, default value was set.
º‡Ì 05, 2014 7:44:52 PM algorithm.ProbabilityBasedAlgorithm readSpecialAlgoParameters
WARNING: Reading probability_based_algorithm.filter failed, default value was set.
º‡Ì 05, 2014 7:44:52 PM algorithm.ProbabilityBasedAlgorithm readSpecialAlgoParameters
WARNING: Reading probability_based_algorithm.filter failed, default value was set.
º‡Ì 05, 2014 7:44:52 PM algorithm.ProbabilityBasedAlgorithm readSpecialAlgoParameters
WARNING: Reading probability_based_algorithm.filter failed, default value was set.
º‡Ì 05, 2014 7:44:52 PM algorithm.filter.KalmanFilterOneDim readConfigParameters
WARNING: Reading kalman_filter.covariance failed, default value was set.
º‡Ì 05, 2014 7:44:52 PM algorithm.filter.KalmanFilterOneDim readConfigParameters
WARNING: Reading kalman_filter.covariance failed, default value was set.
º‡Ì 05, 2014 7:44:52 PM algorithm.filter.KalmanFilterOneDim readConfigParameters
WARNING: Reading kalman_filter.covariance failed, default value was set.
º‡Ì 05, 2014 7:44:52 PM algorithm.filter.KalmanFilterOneDim readConfigParameters
WARNING: Reading kalman_filter.covariance failed, default value was set.
º‡Ì 05, 2014 7:44:52 PM algorithm.filter.KalmanFilterOneDim readConfigParameters
WARNING: Reading kalman_filter.statevariance failed, default value was set.
º‡Ì 05, 2014 7:44:52 PM algorithm.filter.KalmanFilterOneDim readConfigParameters
WARNING: Reading kalman_filter.statevariance failed, default value was set.
º‡Ì 05, 2014 7:44:52 PM algorithm.filter.KalmanFilterOneDim readConfigParameters
WARNING: Reading kalman_filter.statevariance failed, default value was set.
º‡Ì 05, 2014 7:44:52 PM algorithm.filter.KalmanFilterOneDim readConfigParameters
WARNING: Reading kalman_filter.statevariance failed, default value was set.
º‡Ì 05, 2014 7:44:52 PM algorithm.ProbabilityBasedAlgorithm readSpecialAlgoParameters
WARNING: Reading probability_based_algorithm.weight_function failed, default value was set.
º‡Ì 05, 2014 7:44:52 PM algorithm.ProbabilityBasedAlgorithm readSpecialAlgoParameters
WARNING: Reading probability_based_algorithm.weight_function failed, default value was set.
º‡Ì 05, 2014 7:44:52 PM algorithm.ProbabilityBasedAlgorithm readSpecialAlgoParameters
WARNING: Reading probability_based_algorithm.weight_function failed, default value was set.
º‡Ì 05, 2014 7:44:52 PM algorithm.ProbabilityBasedAlgorithm readSpecialAlgoParameters
WARNING: Reading probability_based_algorithm.weight_function failed, default value was set.
º‡Ì 05, 2014 7:44:52 PM algorithm.weightFunction.WeightFunctionExtended readConfigParameters
WARNING: Reading weight_function_extended.percentage_steps failed, default value was set.
º‡Ì 05, 2014 7:44:52 PM algorithm.weightFunction.WeightFunctionExtended readConfigParameters
WARNING: Reading weight_function_extended.percentage_steps failed, default value was set.
º‡Ì 05, 2014 7:44:52 PM algorithm.weightFunction.WeightFunctionExtended readConfigParameters
WARNING: Reading weight_function_extended.percentage_steps failed, default value was set.
º‡Ì 05, 2014 7:44:52 PM algorithm.weightFunction.WeightFunctionExtended readConfigParameters
WARNING: Reading weight_function_extended.percentage_steps failed, default value was set.
º‡Ì 05, 2014 7:44:52 PM algorithm.ProbabilityBasedAlgorithm readConfigParameters
WARNING: Reading probability_based_algorithm.grayscale_debug_information_path failed, default value was set.
º‡Ì 05, 2014 7:44:52 PM algorithm.ProbabilityBasedAlgorithm readConfigParameters
WARNING: Reading probability_based_algorithm.grayscale_debug_information_path failed, default value was set.
º‡Ì 05, 2014 7:44:52 PM algorithm.ProbabilityBasedAlgorithm readConfigParameters
WARNING: Reading probability_based_algorithm.grayscale_debug_information_path failed, default value was set.
º‡Ì 05, 2014 7:44:52 PM algorithm.ProbabilityBasedAlgorithm readConfigParameters
WARNING: Reading probability_based_algorithm.grayscale_debug_information_path failed, default value was set.
º‡Ì 05, 2014 7:44:52 PM algorithm.ProbabilityBasedAlgorithm readConfigParameters
WARNING: Reading probability_based_algorithm.grayscale_debug_information failed, default value was set.
º‡Ì 05, 2014 7:44:52 PM algorithm.ProbabilityBasedAlgorithm readConfigParameters
WARNING: Reading probability_based_algorithm.grayscale_debug_information failed, default value was set.
º‡Ì 05, 2014 7:44:52 PM algorithm.ProbabilityBasedAlgorithm readConfigParameters
WARNING: Reading probability_based_algorithm.grayscale_debug_information failed, default value was set.
º‡Ì 05, 2014 7:44:52 PM algorithm.ProbabilityBasedAlgorithm readConfigParameters
WARNING: Reading probability_based_algorithm.grayscale_debug_information failed, default value was set.
º‡Ì 05, 2014 7:44:52 PM algorithm.ProbabilityBasedAlgorithm readConfigParameters
WARNING: Reading probability_based_algorithm.grayscale_debug_information_extended failed, default value was set.
º‡Ì 05, 2014 7:44:52 PM algorithm.ProbabilityBasedAlgorithm readConfigParameters
WARNING: Reading probability_based_algorithm.grayscale_debug_information_extended failed, default value was set.
º‡Ì 05, 2014 7:44:52 PM algorithm.ProbabilityBasedAlgorithm readConfigParameters
WARNING: Reading probability_based_algorithm.grayscale_debug_information_extended failed, default value was set.
º‡Ì 05, 2014 7:44:52 PM algorithm.ProbabilityBasedAlgorithm readConfigParameters
WARNING: Reading probability_based_algorithm.grayscale_debug_information_extended failed, default value was set.
º‡Ì 05, 2014 7:44:52 PM algorithm.ProbabilityBasedAlgorithm readConfigParameters
WARNING: Reading probability_based_algorithm.grayscale_debug_information_roommap failed, default value was set.
º‡Ì 05, 2014 7:44:52 PM algorithm.ProbabilityBasedAlgorithm readConfigParameters
WARNING: Reading probability_based_algorithm.grayscale_debug_information_roommap failed, default value was set.
º‡Ì 05, 2014 7:44:52 PM algorithm.ProbabilityBasedAlgorithm readConfigParameters
WARNING: Reading probability_based_algorithm.grayscale_debug_information_roommap failed, default value was set.
º‡Ì 05, 2014 7:44:52 PM algorithm.ProbabilityBasedAlgorithm readConfigParameters
WARNING: Reading probability_based_algorithm.grayscale_debug_information_roommap failed, default value was set.
º‡Ì 05, 2014 7:44:52 PM algorithm.ProbabilityBasedAlgorithm readConfigParameters
WARNING: Reading probability_based_algorithm.grayscale_debug_information_convexhull failed, default value was set.
º‡Ì 05, 2014 7:44:52 PM algorithm.ProbabilityBasedAlgorithm readConfigParameters
WARNING: Reading probability_based_algorithm.grayscale_debug_information_convexhull failed, default value was set.
º‡Ì 05, 2014 7:44:52 PM algorithm.ProbabilityBasedAlgorithm readConfigParameters
WARNING: Reading probability_based_algorithm.grayscale_debug_information_convexhull failed, default value was set.
º‡Ì 05, 2014 7:44:52 PM algorithm.ProbabilityBasedAlgorithm readConfigParameters
WARNING: Reading probability_based_algorithm.grayscale_debug_information_convexhull failed, default value was set.
º‡Ì 05, 2014 7:44:52 PM algorithm.ProbabilityBasedAlgorithm readConfigParameters
WARNING: Reading probability_based_algorithm.grayscale_debug_information_receiver failed, default value was set.
º‡Ì 05, 2014 7:44:52 PM algorithm.ProbabilityBasedAlgorithm readConfigParameters
WARNING: Reading probability_based_algorithm.grayscale_debug_information_receiver failed, default value was set.
º‡Ì 05, 2014 7:44:52 PM algorithm.ProbabilityBasedAlgorithm readConfigParameters
WARNING: Reading probability_based_algorithm.grayscale_debug_information_receiver failed, default value was set.
º‡Ì 05, 2014 7:44:52 PM algorithm.ProbabilityBasedAlgorithm readConfigParameters
WARNING: Reading probability_based_algorithm.grayscale_debug_information_receiver failed, default value was set.
º‡Ì 05, 2014 7:44:52 PM algorithm.ProbabilityBasedAlgorithm readConfigParameters
WARNING: Reading probability_based_algorithm.grayscale_debug_information_point failed, default value was set.
º‡Ì 05, 2014 7:44:52 PM algorithm.ProbabilityBasedAlgorithm readConfigParameters
WARNING: Reading probability_based_algorithm.grayscale_debug_information_point failed, default value was set.
º‡Ì 05, 2014 7:44:52 PM algorithm.ProbabilityBasedAlgorithm readConfigParameters
WARNING: Reading probability_based_algorithm.grayscale_debug_information_point failed, default value was set.
º‡Ì 05, 2014 7:44:52 PM algorithm.ProbabilityBasedAlgorithm readConfigParameters
WARNING: Reading probability_based_algorithm.grayscale_debug_information_point failed, default value was set.
º‡Ì 05, 2014 7:44:52 PM algorithm.ProbabilityBasedAlgorithm readConfigParameters
WARNING: Reading probability_based_algorithm.roommap_extension failed, default value was set.
º‡Ì 05, 2014 7:44:52 PM algorithm.ProbabilityBasedAlgorithm readConfigParameters
WARNING: Reading probability_based_algorithm.roommap_extension failed, default value was set.
º‡Ì 05, 2014 7:44:52 PM algorithm.ProbabilityBasedAlgorithm readConfigParameters
WARNING: Reading probability_based_algorithm.roommap_extension failed, default value was set.
º‡Ì 05, 2014 7:44:52 PM algorithm.ProbabilityBasedAlgorithm readConfigParameters
WARNING: Reading probability_based_algorithm.roommap_extension failed, default value was set.
º‡Ì 05, 2014 7:44:52 PM algorithm.ProbabilityBasedAlgorithm readConfigParameters
WARNING: Reading probability_based_algorithm.enable_filter failed, default value was set.
º‡Ì 05, 2014 7:44:52 PM algorithm.ProbabilityBasedAlgorithm readConfigParameters
WARNING: Reading probability_based_algorithm.enable_filter failed, default value was set.
º‡Ì 05, 2014 7:44:52 PM algorithm.ProbabilityBasedAlgorithm readConfigParameters
WARNING: Reading probability_based_algorithm.enable_filter failed, default value was set.
º‡Ì 05, 2014 7:44:52 PM algorithm.ProbabilityBasedAlgorithm readConfigParameters
WARNING: Reading probability_based_algorithm.enable_filter failed, default value was set.
º‡Ì 05, 2014 10:19:30 PM main.Application <init>
INFO: Application started.
º‡Ì 05, 2014 10:19:30 PM gui.MenuBar <init>
INFO: MenuBar initialized.
º‡Ì 05, 2014 10:19:31 PM gui.MainFrame <init>
INFO: GUI initialized.
